<?xml version="1.0" encoding="utf-8"?><testsuites name="pytest tests"><testsuite name="pytest" errors="0" failures="0" skipped="0" tests="19" time="3.036" timestamp="2026-02-17T22:38:58.319337+00:00" hostname="agent-env-95fb65c2-5258-40e5-a0cc-99bdef5f0550"><testcase classname="tests.test_dashboard_mock.TestDashboardWorkspaceConfig" name="test_workspace_config_returns_200" time="0.283" /><testcase classname="tests.test_dashboard_mock.TestDashboardWorkspaceConfig" name="test_workspace_config_has_workspace_info" time="0.155" /><testcase classname="tests.test_dashboard_mock.TestDashboardWorkspaceConfig" name="test_workspace_config_has_subscription" time="0.135" /><testcase classname="tests.test_dashboard_mock.TestDashboardWorkspaceConfig" name="test_workspace_config_has_tools" time="0.114" /><testcase classname="tests.test_dashboard_mock.TestDashboardWorkspaceConfig" name="test_workspace_config_has_runtime" time="0.233" /><testcase classname="tests.test_dashboard_mock.TestDashboardUpdateTools" name="test_update_tools_returns_200" time="0.176" /><testcase classname="tests.test_dashboard_mock.TestDashboardUpdateTools" name="test_update_tools_returns_updated_list" time="0.108" /><testcase classname="tests.test_dashboard_mock.TestDashboardUpdateModel" name="test_update_model_returns_200" time="0.123" /><testcase classname="tests.test_dashboard_mock.TestDashboardUpdateModel" name="test_update_model_returns_provider" time="0.125" /><testcase classname="tests.test_dashboard_mock.TestDashboardAgents" name="test_agents_returns_200" time="0.141" /><testcase classname="tests.test_dashboard_mock.TestDashboardAgents" name="test_agents_returns_list" time="0.141" /><testcase classname="tests.test_dashboard_mock.TestDashboardAgents" name="test_agents_have_required_fields" time="0.180" /><testcase classname="tests.test_dashboard_mock.TestDashboardUsage" name="test_usage_returns_200" time="0.103" /><testcase classname="tests.test_dashboard_mock.TestDashboardUsage" name="test_usage_has_today_stats" time="0.132" /><testcase classname="tests.test_dashboard_mock.TestDashboardUsage" name="test_usage_has_limits" time="0.160" /><testcase classname="tests.test_dashboard_mock.TestDashboardUsage" name="test_usage_has_subscription" time="0.128" /><testcase classname="tests.test_dashboard_mock.TestDashboardUrl" name="test_dashboard_url_returns_200" time="0.259" /><testcase classname="tests.test_dashboard_mock.TestDashboardUrl" name="test_dashboard_url_has_webview_url" time="0.129" /><testcase classname="tests.test_dashboard_mock.TestDashboardUrl" name="test_dashboard_url_has_expiry" time="0.132" /></testsuite></testsuites>