<?xml version="1.0" encoding="utf-8"?><testsuites name="pytest tests"><testsuite name="pytest" errors="0" failures="0" skipped="0" tests="26" time="12.985" timestamp="2026-02-15T23:14:51.702380+00:00" hostname="agent-env-95fb65c2-5258-40e5-a0cc-99bdef5f0550"><testcase classname="tests.test_enhanced_onboarding.TestOnboardingImport" name="test_import_enriched_contacts" time="1.044" /><testcase classname="tests.test_enhanced_onboarding.TestOnboardingImport" name="test_import_structured_routines" time="0.729" /><testcase classname="tests.test_enhanced_onboarding.TestOnboardingImport" name="test_import_calendar_patterns" time="0.668" /><testcase classname="tests.test_enhanced_onboarding.TestOnboardingImport" name="test_import_location_context" time="0.552" /><testcase classname="tests.test_enhanced_onboarding.TestOnboardingImport" name="test_import_complete_payload" time="1.249" /><testcase classname="tests.test_enhanced_onboarding.TestOnboardingImport" name="test_import_counts_all_items_correctly" time="1.898" /><testcase classname="tests.test_enhanced_onboarding.TestOnboardingImport" name="test_import_sets_import_source_auto" time="0.741" /><testcase classname="tests.test_enhanced_onboarding.TestOnboardingImport" name="test_import_empty_contacts_handled_gracefully" time="0.408" /><testcase classname="tests.test_enhanced_onboarding.TestOnboardingAnalyze" name="test_analyze_infers_work_relationship_from_company" time="0.153" /><testcase classname="tests.test_enhanced_onboarding.TestOnboardingAnalyze" name="test_analyze_infers_work_relationship_from_job_title" time="0.206" /><testcase classname="tests.test_enhanced_onboarding.TestOnboardingAnalyze" name="test_analyze_infers_personal_relationship_from_personal_email" time="0.187" /><testcase classname="tests.test_enhanced_onboarding.TestOnboardingAnalyze" name="test_analyze_scores_importance_high_for_starred" time="0.107" /><testcase classname="tests.test_enhanced_onboarding.TestOnboardingAnalyze" name="test_analyze_scores_importance_based_on_contact_methods" time="0.139" /><testcase classname="tests.test_enhanced_onboarding.TestOnboardingAnalyze" name="test_analyze_infers_preferred_channel" time="0.120" /><testcase classname="tests.test_enhanced_onboarding.TestOnboardingAnalyze" name="test_analyze_extracts_recurring_event_patterns" time="0.201" /><testcase classname="tests.test_enhanced_onboarding.TestOnboardingAnalyze" name="test_analyze_extracts_single_event_patterns" time="0.113" /><testcase classname="tests.test_enhanced_onboarding.TestOnboardingAnalyze" name="test_analyze_returns_analysis_source" time="0.102" /><testcase classname="tests.test_enhanced_onboarding.TestOnboardingBackwardCompatibility" name="test_profile_endpoint_still_works" time="1.419" /><testcase classname="tests.test_enhanced_onboarding.TestOnboardingBackwardCompatibility" name="test_skip_endpoint_still_works" time="0.121" /><testcase classname="tests.test_enhanced_onboarding.TestOnboardingStatus" name="test_status_returns_correct_data_after_import" time="0.907" /><testcase classname="tests.test_enhanced_onboarding.TestOnboardingStatus" name="test_status_for_new_user_returns_defaults" time="0.157" /><testcase classname="tests.test_enhanced_onboarding.TestEdgeCases" name="test_import_contact_without_name_skipped" time="0.715" /><testcase classname="tests.test_enhanced_onboarding.TestEdgeCases" name="test_import_routine_without_title_skipped" time="0.556" /><testcase classname="tests.test_enhanced_onboarding.TestEdgeCases" name="test_analyze_empty_contacts_returns_empty_list" time="0.149" /><testcase classname="tests.test_enhanced_onboarding.TestEdgeCases" name="test_analyze_contact_without_name_returns_empty_name" time="0.139" /><testcase classname="tests.test_enhanced_onboarding.TestEdgeCases" name="test_analyze_event_without_title_returns_none" time="0.143" /></testsuite></testsuites>