<?xml version="1.0" encoding="utf-8"?><testsuites name="pytest tests"><testsuite name="pytest" errors="0" failures="0" skipped="0" tests="23" time="32.769" timestamp="2026-02-19T12:11:26.733133+00:00" hostname="agent-env-d8020f40-50d3-4b3e-9f66-c326047f22c7"><testcase classname="tests.test_execute_pipeline.TestDraftPersistence" name="test_d01_store_draft_via_l1_scout" time="4.929" /><testcase classname="tests.test_execute_pipeline.TestDraftPersistence" name="test_d02_get_draft_by_id" time="2.881" /><testcase classname="tests.test_execute_pipeline.TestDraftPersistence" name="test_d03_get_nonexistent_draft_returns_none" time="0.001" /><testcase classname="tests.test_execute_pipeline.TestDraftPersistence" name="test_d04_draft_includes_hypotheses_structure" time="2.352" /><testcase classname="tests.test_execute_pipeline.TestExecuteGates" name="test_e01_presence_gate_blocks_stale_heartbeat" time="0.002" /><testcase classname="tests.test_execute_pipeline.TestExecuteGates" name="test_e02_presence_gate_allows_fresh_heartbeat" time="0.001" /><testcase classname="tests.test_execute_pipeline.TestExecuteGates" name="test_e03_subscription_inactive_blocks_execute" time="0.005" /><testcase classname="tests.test_execute_pipeline.TestExecuteGates" name="test_e04_draft_not_found_blocks_execute" time="0.000" /><testcase classname="tests.test_execute_pipeline.TestTTSConfirmationResponses" name="test_t01_comm_send_returns_confirmation" time="0.182" /><testcase classname="tests.test_execute_pipeline.TestTTSConfirmationResponses" name="test_t02_sched_modify_returns_confirmation" time="0.000" /><testcase classname="tests.test_execute_pipeline.TestTTSConfirmationResponses" name="test_t03_info_retrieve_returns_confirmation" time="0.000" /><testcase classname="tests.test_execute_pipeline.TestTTSConfirmationResponses" name="test_t04_doc_edit_returns_confirmation" time="0.000" /><testcase classname="tests.test_execute_pipeline.TestTTSConfirmationResponses" name="test_t05_draft_only_returns_confirmation" time="0.000" /><testcase classname="tests.test_execute_pipeline.TestSkillsAPI" name="test_s01_skills_library_index" time="0.260" /><testcase classname="tests.test_execute_pipeline.TestSkillsAPI" name="test_s02_skills_match_returns_results" time="0.225" /><testcase classname="tests.test_execute_pipeline.TestSkillsAPI" name="test_s03_skills_search" time="0.099" /><testcase classname="tests.test_execute_pipeline.TestSkillsAPI" name="test_s04_skills_stats" time="0.108" /><testcase classname="tests.test_execute_pipeline.TestAgentsCRUD" name="test_a01_create_agent" time="0.098" /><testcase classname="tests.test_execute_pipeline.TestAgentsCRUD" name="test_a02_modify_agent" time="0.708" /><testcase classname="tests.test_execute_pipeline.TestAgentsCRUD" name="test_a03_retire_agent" time="0.237" /><testcase classname="tests.test_execute_pipeline.TestAgentsCRUD" name="test_a04_list_agents" time="0.348" /><testcase classname="tests.test_execute_pipeline.TestAgentsCRUD" name="test_a05_get_single_agent" time="0.211" /><testcase classname="tests.test_execute_pipeline.TestExecutePipelineIntegration" name="test_p01_full_pipeline_l2_qc_skills" time="20.043" /></testsuite></testsuites>