<?xml version="1.0" encoding="utf-8"?><testsuites name="pytest tests"><testsuite name="pytest" errors="0" failures="0" skipped="0" tests="17" time="70.446" timestamp="2026-02-15T22:13:51.751633+00:00" hostname="agent-env-95fb65c2-5258-40e5-a0cc-99bdef5f0550"><testcase classname="tests.test_feedback_loop_wiring.TestPromptBuildBackwardCompatibility" name="test_prompt_build_works_without_user_adjustments" time="0.380" /><testcase classname="tests.test_feedback_loop_wiring.TestPromptBuildBackwardCompatibility" name="test_prompt_build_with_different_purposes" time="1.012" /><testcase classname="tests.test_feedback_loop_wiring.TestPromptBuildBackwardCompatibility" name="test_prompt_build_invalid_purpose_returns_400" time="0.128" /><testcase classname="tests.test_feedback_loop_wiring.TestUserProfileAdjustmentsFormat" name="test_adjustments_returns_orchestrator_format" time="0.160" /><testcase classname="tests.test_feedback_loop_wiring.TestUserProfileAdjustmentsFormat" name="test_adjustments_defaults_for_new_user" time="0.242" /><testcase classname="tests.test_feedback_loop_wiring.TestL2SentryFetchesAdjustments" name="test_l2_run_with_user_profile" time="14.442" /><testcase classname="tests.test_feedback_loop_wiring.TestL2SentryFetchesAdjustments" name="test_l2_run_with_new_user_defaults" time="15.998" /><testcase classname="tests.test_feedback_loop_wiring.TestL1ScoutFetchesAdjustments" name="test_l1_endpoint_exists" time="0.273" /><testcase classname="tests.test_feedback_loop_wiring.TestFeedbackLoopIntegration" name="test_full_feedback_loop_verbosity_adjustment" time="16.076" /><testcase classname="tests.test_feedback_loop_wiring.TestFeedbackLoopIntegration" name="test_full_feedback_loop_token_budget_adjustment" time="0.887" /><testcase classname="tests.test_feedback_loop_wiring.TestOrchestratorAdjustmentApplication" name="test_prompt_build_returns_token_estimate" time="0.313" /><testcase classname="tests.test_feedback_loop_wiring.TestOrchestratorAdjustmentApplication" name="test_prompt_build_returns_sections" time="0.264" /><testcase classname="tests.test_feedback_loop_wiring.TestUserProfileAPIConsistency" name="test_profile_update_reflects_in_adjustments" time="0.145" /><testcase classname="tests.test_feedback_loop_wiring.TestUserProfileAPIConsistency" name="test_partial_profile_update" time="0.209" /><testcase classname="tests.test_feedback_loop_wiring.TestEdgeCases" name="test_l2_run_with_empty_transcript" time="19.430" /><testcase classname="tests.test_feedback_loop_wiring.TestEdgeCases" name="test_adjustments_endpoint_user_id_special_chars" time="0.225" /><testcase classname="tests.test_feedback_loop_wiring.TestEdgeCases" name="test_learn_from_outcomes_idempotent" time="0.171" /></testsuite></testsuites>