<?xml version="1.0" encoding="utf-8"?><testsuites name="pytest tests"><testsuite name="pytest" errors="0" failures="0" skipped="0" tests="34" time="103.161" timestamp="2026-02-20T18:28:41.243751+00:00" hostname="agent-env-8376cd27-f573-4163-ae19-1b9f5348d5f1"><testcase classname="backend.tests.test_intent_rename.TestHealth" name="test_health_returns_200" time="0.520" /><testcase classname="backend.tests.test_intent_rename.TestHealth" name="test_health_status_healthy" time="0.178" /><testcase classname="backend.tests.test_intent_rename.TestHealth" name="test_health_has_required_fields" time="0.108" /><testcase classname="backend.tests.test_intent_rename.TestL2Sentry" name="test_l2_run_accepts_l1_intent_field" time="2.949" /><testcase classname="backend.tests.test_intent_rename.TestL2Sentry" name="test_l2_run_returns_intent_field" time="1.847" /><testcase classname="backend.tests.test_intent_rename.TestL2Sentry" name="test_l2_run_no_l1_action_class_required" time="1.529" /><testcase classname="backend.tests.test_intent_rename.TestL2Sentry" name="test_l2_run_response_structure" time="1.521" /><testcase classname="backend.tests.test_intent_rename.TestL2Sentry" name="test_l2_run_with_old_l1_action_class_causes_validation_error" time="1.726" /><testcase classname="backend.tests.test_intent_rename.TestQCSentry" name="test_qc_run_accepts_intent_field" time="2.322" /><testcase classname="backend.tests.test_intent_rename.TestQCSentry" name="test_qc_run_returns_overall_pass" time="2.080" /><testcase classname="backend.tests.test_intent_rename.TestQCSentry" name="test_qc_run_no_action_class_in_response" time="2.052" /><testcase classname="backend.tests.test_intent_rename.TestQCSentry" name="test_qc_run_response_structure" time="2.282" /><testcase classname="backend.tests.test_intent_rename.TestCommitCreate" name="test_commit_create_accepts_intent_field" time="0.081" /><testcase classname="backend.tests.test_intent_rename.TestCommitCreate" name="test_commit_create_returns_intent_field" time="0.093" /><testcase classname="backend.tests.test_intent_rename.TestCommitCreate" name="test_commit_create_stores_intent_correctly" time="0.117" /><testcase classname="backend.tests.test_intent_rename.TestCommitCreate" name="test_commit_create_no_action_class_required" time="0.076" /><testcase classname="backend.tests.test_intent_rename.TestSkillsMatch" name="test_skills_match_accepts_intent_param" time="15.007" /><testcase classname="backend.tests.test_intent_rename.TestSkillsMatch" name="test_skills_match_returns_results" time="10.280" /><testcase classname="backend.tests.test_intent_rename.TestSkillsMatch" name="test_skills_match_without_action_class" time="0.069" /><testcase classname="backend.tests.test_intent_rename.TestSkillsMatch" name="test_skills_match_various_intents" time="53.445" /><testcase classname="backend.tests.test_intent_rename.TestPythonSyntax" name="test_l1_scout_syntax" time="0.037" /><testcase classname="backend.tests.test_intent_rename.TestPythonSyntax" name="test_l2_sentry_syntax" time="0.031" /><testcase classname="backend.tests.test_intent_rename.TestPythonSyntax" name="test_ws_server_syntax" time="0.033" /><testcase classname="backend.tests.test_intent_rename.TestPythonSyntax" name="test_qc_sentry_syntax" time="0.032" /><testcase classname="backend.tests.test_intent_rename.TestPythonSyntax" name="test_commit_state_machine_syntax" time="0.036" /><testcase classname="backend.tests.test_intent_rename.TestPythonSyntax" name="test_server_syntax" time="0.042" /><testcase classname="backend.tests.test_intent_rename.TestNoActionClassInResponses" name="test_l2_response_no_action_class" time="1.770" /><testcase classname="backend.tests.test_intent_rename.TestNoActionClassInResponses" name="test_qc_response_no_action_class" time="2.674" /><testcase classname="backend.tests.test_intent_rename.TestNoActionClassInResponses" name="test_commit_response_no_action_class" time="0.155" /><testcase classname="backend.tests.test_intent_rename.TestL1ScoutNoFallback" name="test_l1_scout_py_has_raise_not_mock_call" time="0.000" /><testcase classname="backend.tests.test_intent_rename.TestL1ScoutNoFallback" name="test_l1_no_mock_in_is_mock_llm_check" time="0.000" /><testcase classname="backend.tests.test_intent_rename.TestL2ParseIntent" name="test_l2_sentry_py_reads_intent_not_action_class" time="0.000" /><testcase classname="backend.tests.test_intent_rename.TestL2ParseIntent" name="test_l2_verdict_dataclass_has_intent_field" time="0.000" /><testcase classname="backend.tests.test_intent_rename.TestL2ParseIntent" name="test_hypothesis_dataclass_has_intent_field" time="0.001" /></testsuite></testsuites>