<?xml version="1.0" encoding="utf-8"?><testsuites name="pytest tests"><testsuite name="pytest" errors="0" failures="0" skipped="0" tests="66" time="0.309" timestamp="2026-02-19T11:28:26.350591+00:00" hostname="agent-env-d8020f40-50d3-4b3e-9f66-c326047f22c7"><testcase classname="tests.test_intent_capture.TestCodingMandates" name="test_hello_world_python" time="0.000" /><testcase classname="tests.test_intent_capture.TestCodingMandates" name="test_hello_world_javascript" time="0.000" /><testcase classname="tests.test_intent_capture.TestCodingMandates" name="test_sort_algorithm" time="0.000" /><testcase classname="tests.test_intent_capture.TestCodingMandates" name="test_api_endpoint" time="0.000" /><testcase classname="tests.test_intent_capture.TestCodingMandates" name="test_fibonacci" time="0.000" /><testcase classname="tests.test_intent_capture.TestCodingMandates" name="test_sql_query" time="0.000" /><testcase classname="tests.test_intent_capture.TestCodingMandates" name="test_unit_test" time="0.000" /><testcase classname="tests.test_intent_capture.TestCodingMandates" name="test_docker_compose" time="0.000" /><testcase classname="tests.test_intent_capture.TestCodingMandates" name="test_regex_pattern" time="0.000" /><testcase classname="tests.test_intent_capture.TestCodingMandates" name="test_data_pipeline" time="0.000" /><testcase classname="tests.test_intent_capture.TestCommunicationMandates" name="test_send_email_simple" time="0.000" /><testcase classname="tests.test_intent_capture.TestCommunicationMandates" name="test_send_whatsapp" time="0.000" /><testcase classname="tests.test_intent_capture.TestCommunicationMandates" name="test_send_slack" time="0.000" /><testcase classname="tests.test_intent_capture.TestCommunicationMandates" name="test_reply_email" time="0.000" /><testcase classname="tests.test_intent_capture.TestCommunicationMandates" name="test_draft_email" time="0.000" /><testcase classname="tests.test_intent_capture.TestCommunicationMandates" name="test_send_sms" time="0.000" /><testcase classname="tests.test_intent_capture.TestCommunicationMandates" name="test_forward_message" time="0.000" /><testcase classname="tests.test_intent_capture.TestCommunicationMandates" name="test_send_report" time="0.000" /><testcase classname="tests.test_intent_capture.TestCommunicationMandates" name="test_notify_team" time="0.000" /><testcase classname="tests.test_intent_capture.TestCommunicationMandates" name="test_send_invitation" time="0.000" /><testcase classname="tests.test_intent_capture.TestSchedulingMandates" name="test_schedule_meeting" time="0.000" /><testcase classname="tests.test_intent_capture.TestSchedulingMandates" name="test_reschedule" time="0.000" /><testcase classname="tests.test_intent_capture.TestSchedulingMandates" name="test_cancel_meeting" time="0.000" /><testcase classname="tests.test_intent_capture.TestSchedulingMandates" name="test_block_time" time="0.000" /><testcase classname="tests.test_intent_capture.TestSchedulingMandates" name="test_recurring_meeting" time="0.000" /><testcase classname="tests.test_intent_capture.TestSchedulingMandates" name="test_find_free_slot" time="0.000" /><testcase classname="tests.test_intent_capture.TestSchedulingMandates" name="test_set_reminder" time="0.000" /><testcase classname="tests.test_intent_capture.TestSchedulingMandates" name="test_add_to_calendar" time="0.000" /><testcase classname="tests.test_intent_capture.TestInfoRetrievalMandates" name="test_find_document" time="0.000" /><testcase classname="tests.test_intent_capture.TestInfoRetrievalMandates" name="test_summarize" time="0.000" /><testcase classname="tests.test_intent_capture.TestInfoRetrievalMandates" name="test_check_status" time="0.000" /><testcase classname="tests.test_intent_capture.TestInfoRetrievalMandates" name="test_search_web" time="0.000" /><testcase classname="tests.test_intent_capture.TestInfoRetrievalMandates" name="test_lookup_contact" time="0.000" /><testcase classname="tests.test_intent_capture.TestInfoRetrievalMandates" name="test_check_availability" time="0.000" /><testcase classname="tests.test_intent_capture.TestInfoRetrievalMandates" name="test_track_package" time="0.000" /><testcase classname="tests.test_intent_capture.TestInfoRetrievalMandates" name="test_get_weather" time="0.000" /><testcase classname="tests.test_intent_capture.TestDocumentMandates" name="test_create_report" time="0.000" /><testcase classname="tests.test_intent_capture.TestDocumentMandates" name="test_edit_document" time="0.000" /><testcase classname="tests.test_intent_capture.TestDocumentMandates" name="test_translate_document" time="0.000" /><testcase classname="tests.test_intent_capture.TestDocumentMandates" name="test_format_document" time="0.000" /><testcase classname="tests.test_intent_capture.TestDocumentMandates" name="test_create_spreadsheet" time="0.000" /><testcase classname="tests.test_intent_capture.TestDocumentMandates" name="test_generate_invoice" time="0.000" /><testcase classname="tests.test_intent_capture.TestGuardrailBlocking" name="test_harm_hack" time="0.000" /><testcase classname="tests.test_intent_capture.TestGuardrailBlocking" name="test_harm_steal" time="0.000" /><testcase classname="tests.test_intent_capture.TestGuardrailBlocking" name="test_harm_illegal" time="0.000" /><testcase classname="tests.test_intent_capture.TestGuardrailBlocking" name="test_harm_attack" time="0.000" /><testcase classname="tests.test_intent_capture.TestGuardrailBlocking" name="test_policy_delete_all" time="0.000" /><testcase classname="tests.test_intent_capture.TestGuardrailBlocking" name="test_harm_exploit" time="0.000" /><testcase classname="tests.test_intent_capture.TestGuardrailBlocking" name="test_harm_credentials" time="0.000" /><testcase classname="tests.test_intent_capture.TestGuardrailBlocking" name="test_policy_transfer_funds" time="0.000" /><testcase classname="tests.test_intent_capture.TestEdgeCaseMandates" name="test_very_short_mandate" time="0.000" /><testcase classname="tests.test_intent_capture.TestEdgeCaseMandates" name="test_mandate_with_numbers" time="0.000" /><testcase classname="tests.test_intent_capture.TestEdgeCaseMandates" name="test_compound_mandate" time="0.000" /><testcase classname="tests.test_intent_capture.TestEdgeCaseMandates" name="test_mandate_with_context" time="0.000" /><testcase classname="tests.test_intent_capture.TestEdgeCaseMandates" name="test_technical_jargon" time="0.000" /><testcase classname="tests.test_intent_capture.TestEdgeCaseMandates" name="test_previous_bug_case" time="0.000" /><testcase classname="tests.test_intent_capture.TestPipelineSteps" name="test_step0_capture_all_transcripts_have_text" time="0.000" /><testcase classname="tests.test_intent_capture.TestPipelineSteps" name="test_step1_l1_always_returns_hypothesis" time="0.000" /><testcase classname="tests.test_intent_capture.TestPipelineSteps" name="test_step1_l1_action_classes_are_valid" time="0.000" /><testcase classname="tests.test_intent_capture.TestPipelineSteps" name="test_step2_dimensions_ambiguity_starts_at_zero" time="0.000" /><testcase classname="tests.test_intent_capture.TestPipelineSteps" name="test_step2_dimensions_update_lowers_ambiguity" time="0.000" /><testcase classname="tests.test_intent_capture.TestPipelineSteps" name="test_step2_a_set_populated" time="0.000" /><testcase classname="tests.test_intent_capture.TestPipelineSteps" name="test_step3_guardrail_passes_for_clear_mandates" time="0.000" /><testcase classname="tests.test_intent_capture.TestPipelineSteps" name="test_step3_guardrail_blocks_harm" time="0.000" /><testcase classname="tests.test_intent_capture.TestPipelineSteps" name="test_step4_mock_response_never_empty" time="0.000" /><testcase classname="tests.test_intent_capture.TestPipelineSteps" name="test_step4_response_no_clarification_for_clear_intents" time="0.000" /></testsuite></testsuites>