<?xml version="1.0" encoding="utf-8"?><testsuites name="pytest tests"><testsuite name="pytest" errors="0" failures="1" skipped="0" tests="34" time="101.497" timestamp="2026-02-20T18:26:02.382904+00:00" hostname="agent-env-8376cd27-f573-4163-ae19-1b9f5348d5f1"><testcase classname="backend.tests.test_intent_rename.TestHealth" name="test_health_returns_200" time="0.458" /><testcase classname="backend.tests.test_intent_rename.TestHealth" name="test_health_status_healthy" time="0.113" /><testcase classname="backend.tests.test_intent_rename.TestHealth" name="test_health_has_required_fields" time="0.108" /><testcase classname="backend.tests.test_intent_rename.TestL2Sentry" name="test_l2_run_accepts_l1_intent_field" time="3.277" /><testcase classname="backend.tests.test_intent_rename.TestL2Sentry" name="test_l2_run_returns_intent_field" time="1.795" /><testcase classname="backend.tests.test_intent_rename.TestL2Sentry" name="test_l2_run_no_l1_action_class_required" time="1.889" /><testcase classname="backend.tests.test_intent_rename.TestL2Sentry" name="test_l2_run_response_structure" time="1.842" /><testcase classname="backend.tests.test_intent_rename.TestL2Sentry" name="test_l2_run_with_old_l1_action_class_causes_validation_error" time="1.556" /><testcase classname="backend.tests.test_intent_rename.TestQCSentry" name="test_qc_run_accepts_intent_field" time="2.123" /><testcase classname="backend.tests.test_intent_rename.TestQCSentry" name="test_qc_run_returns_overall_pass" time="1.657" /><testcase classname="backend.tests.test_intent_rename.TestQCSentry" name="test_qc_run_no_action_class_in_response" time="2.179" /><testcase classname="backend.tests.test_intent_rename.TestQCSentry" name="test_qc_run_response_structure" time="1.978" /><testcase classname="backend.tests.test_intent_rename.TestCommitCreate" name="test_commit_create_accepts_intent_field" time="0.154" /><testcase classname="backend.tests.test_intent_rename.TestCommitCreate" name="test_commit_create_returns_intent_field" time="0.067" /><testcase classname="backend.tests.test_intent_rename.TestCommitCreate" name="test_commit_create_stores_intent_correctly" time="0.132" /><testcase classname="backend.tests.test_intent_rename.TestCommitCreate" name="test_commit_create_no_action_class_required" time="0.085" /><testcase classname="backend.tests.test_intent_rename.TestSkillsMatch" name="test_skills_match_accepts_intent_param" time="14.594" /><testcase classname="backend.tests.test_intent_rename.TestSkillsMatch" name="test_skills_match_returns_results" time="10.223" /><testcase classname="backend.tests.test_intent_rename.TestSkillsMatch" name="test_skills_match_without_action_class" time="0.079" /><testcase classname="backend.tests.test_intent_rename.TestSkillsMatch" name="test_skills_match_various_intents" time="53.121" /><testcase classname="backend.tests.test_intent_rename.TestPythonSyntax" name="test_l1_scout_syntax" time="0.037" /><testcase classname="backend.tests.test_intent_rename.TestPythonSyntax" name="test_l2_sentry_syntax" time="0.033" /><testcase classname="backend.tests.test_intent_rename.TestPythonSyntax" name="test_ws_server_syntax" time="0.035" /><testcase classname="backend.tests.test_intent_rename.TestPythonSyntax" name="test_qc_sentry_syntax" time="0.030" /><testcase classname="backend.tests.test_intent_rename.TestPythonSyntax" name="test_commit_state_machine_syntax" time="0.030" /><testcase classname="backend.tests.test_intent_rename.TestPythonSyntax" name="test_server_syntax" time="0.038" /><testcase classname="backend.tests.test_intent_rename.TestNoActionClassInResponses" name="test_l2_response_no_action_class" time="1.380" /><testcase classname="backend.tests.test_intent_rename.TestNoActionClassInResponses" name="test_qc_response_no_action_class" time="2.295" /><testcase classname="backend.tests.test_intent_rename.TestNoActionClassInResponses" name="test_commit_response_no_action_class" time="0.067" /><testcase classname="backend.tests.test_intent_rename.TestL1ScoutNoFallback" name="test_l1_scout_py_has_raise_not_mock_call" time="0.001"><failure message="AssertionError: L1 Scout except block should NOT call _mock_l1() in production path&#10;assert not True">backend/tests/test_intent_rename.py:461: in test_l1_scout_py_has_raise_not_mock_call
    assert not calls_mock_in_except, "L1 Scout except block should NOT call _mock_l1() in production path"
E   AssertionError: L1 Scout except block should NOT call _mock_l1() in production path
E   assert not True</failure></testcase><testcase classname="backend.tests.test_intent_rename.TestL1ScoutNoFallback" name="test_l1_no_mock_in_is_mock_llm_check" time="0.000" /><testcase classname="backend.tests.test_intent_rename.TestL2ParseIntent" name="test_l2_sentry_py_reads_intent_not_action_class" time="0.000" /><testcase classname="backend.tests.test_intent_rename.TestL2ParseIntent" name="test_l2_verdict_dataclass_has_intent_field" time="0.000" /><testcase classname="backend.tests.test_intent_rename.TestL2ParseIntent" name="test_hypothesis_dataclass_has_intent_field" time="0.001" /></testsuite></testsuites>