<?xml version="1.0" encoding="utf-8"?><testsuites name="pytest tests"><testsuite name="pytest" errors="0" failures="0" skipped="0" tests="27" time="7.906" timestamp="2026-02-15T22:07:32.886746+00:00" hostname="agent-env-95fb65c2-5258-40e5-a0cc-99bdef5f0550"><testcase classname="backend.tests.test_optimization_workspace.TestOptimizationManualRun" name="test_manual_optimization_run" time="0.307" /><testcase classname="backend.tests.test_optimization_workspace.TestOptimizationManualRun" name="test_optimization_run_has_all_steps" time="0.089" /><testcase classname="backend.tests.test_optimization_workspace.TestOptimizationManualRun" name="test_optimization_run_persisted" time="0.136" /><testcase classname="backend.tests.test_optimization_workspace.TestOptimizationScheduler" name="test_scheduler_start" time="0.152" /><testcase classname="backend.tests.test_optimization_workspace.TestOptimizationScheduler" name="test_scheduler_start_idempotent" time="0.148" /><testcase classname="backend.tests.test_optimization_workspace.TestOptimizationScheduler" name="test_scheduler_status_when_running" time="0.131" /><testcase classname="backend.tests.test_optimization_workspace.TestOptimizationScheduler" name="test_scheduler_stop" time="0.163" /><testcase classname="backend.tests.test_optimization_workspace.TestOptimizationScheduler" name="test_scheduler_stop_idempotent" time="0.135" /><testcase classname="backend.tests.test_optimization_workspace.TestOptimizationScheduler" name="test_scheduler_status_when_stopped" time="0.150" /><testcase classname="backend.tests.test_optimization_workspace.TestOptimizationRunsList" name="test_list_runs_newest_first" time="0.068" /><testcase classname="backend.tests.test_optimization_workspace.TestWorkspaceCreate" name="test_create_workspace_with_soil_files" time="0.159" /><testcase classname="backend.tests.test_optimization_workspace.TestWorkspaceFileOperations" name="test_list_files" time="0.357" /><testcase classname="backend.tests.test_optimization_workspace.TestWorkspaceFileOperations" name="test_read_file_content" time="0.249" /><testcase classname="backend.tests.test_optimization_workspace.TestWorkspaceFileOperations" name="test_read_file_404_for_missing" time="0.604" /><testcase classname="backend.tests.test_optimization_workspace.TestWorkspaceFileOperations" name="test_write_new_file" time="0.680" /><testcase classname="backend.tests.test_optimization_workspace.TestWorkspaceFileOperations" name="test_overwrite_existing_file" time="0.316" /><testcase classname="backend.tests.test_optimization_workspace.TestWorkspaceFileOperations" name="test_delete_file" time="1.824" /><testcase classname="backend.tests.test_optimization_workspace.TestWorkspaceFileOperations" name="test_delete_file_404_for_missing" time="0.151" /><testcase classname="backend.tests.test_optimization_workspace.TestWorkspaceStats" name="test_workspace_stats" time="0.194" /><testcase classname="backend.tests.test_optimization_workspace.TestWorkspaceStats" name="test_workspace_stats_nonexistent" time="0.066" /><testcase classname="backend.tests.test_optimization_workspace.TestWorkspaceArchive" name="test_archive_workspace" time="1.095" /><testcase classname="backend.tests.test_optimization_workspace.TestWorkspaceArchive" name="test_archive_workspace_404_for_missing" time="0.074" /><testcase classname="backend.tests.test_optimization_workspace.TestWorkspaceArchive" name="test_list_archives" time="0.085" /><testcase classname="backend.tests.test_optimization_workspace.TestWorkspaceDelete" name="test_delete_workspace" time="0.196" /><testcase classname="backend.tests.test_optimization_workspace.TestWorkspaceDelete" name="test_delete_workspace_404_for_missing" time="0.082" /><testcase classname="backend.tests.test_optimization_workspace.TestWorkspace404Scenarios" name="test_list_files_for_nonexistent_workspace" time="0.090" /><testcase classname="backend.tests.test_optimization_workspace.TestWorkspace404Scenarios" name="test_read_file_nonexistent_workspace" time="0.093" /></testsuite></testsuites>