<?xml version="1.0" encoding="utf-8"?><testsuites name="pytest tests"><testsuite name="pytest" errors="0" failures="0" skipped="0" tests="24" time="5.301" timestamp="2026-02-16T00:01:56.454146+00:00" hostname="agent-env-95fb65c2-5258-40e5-a0cc-99bdef5f0550"><testcase classname="tests.test_prompt_optimization.TestSoulStoreOptimization" name="test_soul_status_returns_one_fragment" time="0.214" /><testcase classname="tests.test_prompt_optimization.TestSoulStoreOptimization" name="test_soul_fragment_contains_identity_and_safety" time="0.348" /><testcase classname="tests.test_prompt_optimization.TestSafetyGuardrailsBanned" name="test_thought_to_intent_no_safety_guardrails" time="0.147" /><testcase classname="tests.test_prompt_optimization.TestSafetyGuardrailsBanned" name="test_dimensions_extract_no_safety_guardrails" time="0.178" /><testcase classname="tests.test_prompt_optimization.TestSafetyGuardrailsBanned" name="test_verify_no_safety_guardrails" time="0.143" /><testcase classname="tests.test_prompt_optimization.TestSafetyGuardrailsBanned" name="test_summarize_no_safety_guardrails" time="0.327" /><testcase classname="tests.test_prompt_optimization.TestSafetyGuardrailsIncluded" name="test_execute_includes_safety_guardrails" time="0.112" /><testcase classname="tests.test_prompt_optimization.TestSafetyGuardrailsIncluded" name="test_plan_includes_safety_guardrails" time="0.116" /><testcase classname="tests.test_prompt_optimization.TestTokenOptimization" name="test_thought_to_intent_under_250_tokens" time="0.136" /><testcase classname="tests.test_prompt_optimization.TestCompactOutputSchema" name="test_output_schema_uses_compact_format" time="0.156" /><testcase classname="tests.test_prompt_optimization.TestCompactOutputSchema" name="test_dimensions_extract_compact_schema" time="0.122" /><testcase classname="tests.test_prompt_optimization.TestStreamlinedPurposeContract" name="test_thought_to_intent_arrow_notation" time="0.183" /><testcase classname="tests.test_prompt_optimization.TestStreamlinedPurposeContract" name="test_all_purposes_have_task_prefix" time="0.952" /><testcase classname="tests.test_prompt_optimization.TestMemoryRecallFormat" name="test_memory_uses_abbreviated_provenance" time="0.531" /><testcase classname="tests.test_prompt_optimization.TestAllPurposesBuildSuccessfully" name="test_purpose_builds_successfully[THOUGHT_TO_INTENT]" time="0.128" /><testcase classname="tests.test_prompt_optimization.TestAllPurposesBuildSuccessfully" name="test_purpose_builds_successfully[DIMENSIONS_EXTRACT]" time="0.156" /><testcase classname="tests.test_prompt_optimization.TestAllPurposesBuildSuccessfully" name="test_purpose_builds_successfully[PLAN]" time="0.191" /><testcase classname="tests.test_prompt_optimization.TestAllPurposesBuildSuccessfully" name="test_purpose_builds_successfully[EXECUTE]" time="0.118" /><testcase classname="tests.test_prompt_optimization.TestAllPurposesBuildSuccessfully" name="test_purpose_builds_successfully[VERIFY]" time="0.149" /><testcase classname="tests.test_prompt_optimization.TestAllPurposesBuildSuccessfully" name="test_purpose_builds_successfully[SAFETY_GATE]" time="0.137" /><testcase classname="tests.test_prompt_optimization.TestAllPurposesBuildSuccessfully" name="test_purpose_builds_successfully[SUMMARIZE]" time="0.139" /><testcase classname="tests.test_prompt_optimization.TestAllPurposesBuildSuccessfully" name="test_purpose_builds_successfully[SUBAGENT_TASK]" time="0.154" /><testcase classname="tests.test_prompt_optimization.TestIdentityRoleContent" name="test_identity_contains_myndlens_and_safety" time="0.123" /><testcase classname="tests.test_prompt_optimization.TestHealthEndpoint" name="test_health_returns_healthy" time="0.257" /></testsuite></testsuites>