<?xml version="1.0" encoding="utf-8"?><testsuites name="pytest tests"><testsuite name="pytest" errors="0" failures="0" skipped="0" tests="35" time="14.551" timestamp="2026-02-15T21:27:50.616201+00:00" hostname="agent-env-95fb65c2-5258-40e5-a0cc-99bdef5f0550"><testcase classname="tests.test_myndlens_phases.TestPhase0Health" name="test_health_endpoint" time="0.390" /><testcase classname="tests.test_myndlens_phases.TestPhase0Onboarding" name="test_get_onboarding_status_new_user" time="0.137" /><testcase classname="tests.test_myndlens_phases.TestPhase0Onboarding" name="test_save_onboarding_profile" time="2.026" /><testcase classname="tests.test_myndlens_phases.TestPhase0Onboarding" name="test_skip_onboarding" time="0.102" /><testcase classname="tests.test_myndlens_phases.TestPhase0PromptBuild" name="test_prompt_build_thought_to_intent" time="0.251" /><testcase classname="tests.test_myndlens_phases.TestPhase0PromptBuild" name="test_prompt_build_verify_purpose" time="0.250" /><testcase classname="tests.test_myndlens_phases.TestPhase0PromptBuild" name="test_prompt_build_invalid_purpose" time="0.099" /><testcase classname="tests.test_myndlens_phases.TestPhase1OutcomeTracking" name="test_track_outcome_success" time="0.129" /><testcase classname="tests.test_myndlens_phases.TestPhase1OutcomeTracking" name="test_track_outcome_with_correction" time="0.117" /><testcase classname="tests.test_myndlens_phases.TestPhase1OutcomeTracking" name="test_user_correction_tracking" time="0.119" /><testcase classname="tests.test_myndlens_phases.TestPhase1OutcomeTracking" name="test_get_analytics" time="0.179" /><testcase classname="tests.test_myndlens_phases.TestPhase1OutcomeTracking" name="test_get_purpose_analytics" time="0.141" /><testcase classname="tests.test_myndlens_phases.TestPhase1OutcomeTracking" name="test_get_section_effectiveness" time="0.188" /><testcase classname="tests.test_myndlens_phases.TestPhase1DimensionExtraction" name="test_extract_dimensions" time="2.935" /><testcase classname="tests.test_myndlens_phases.TestPhase1DimensionExtraction" name="test_extract_dimensions_minimal" time="1.586" /><testcase classname="tests.test_myndlens_phases.TestPhase2Experiments" name="test_create_experiment" time="0.238" /><testcase classname="tests.test_myndlens_phases.TestPhase2Experiments" name="test_list_experiments" time="0.119" /><testcase classname="tests.test_myndlens_phases.TestPhase2Experiments" name="test_get_experiment_results" time="0.263" /><testcase classname="tests.test_myndlens_phases.TestPhase3AdaptivePolicy" name="test_get_adaptive_insights" time="0.108" /><testcase classname="tests.test_myndlens_phases.TestPhase3AdaptivePolicy" name="test_get_policy_recommendations" time="0.151" /><testcase classname="tests.test_myndlens_phases.TestPhase4AgentBuilder" name="test_create_agent_success" time="0.112" /><testcase classname="tests.test_myndlens_phases.TestPhase4AgentBuilder" name="test_create_agent_capability_match" time="0.258" /><testcase classname="tests.test_myndlens_phases.TestPhase4AgentBuilder" name="test_create_agent_sensitive_blocked" time="0.126" /><testcase classname="tests.test_myndlens_phases.TestPhase4AgentBuilder" name="test_modify_agent" time="0.355" /><testcase classname="tests.test_myndlens_phases.TestPhase4AgentBuilder" name="test_modify_agent_bindings" time="0.214" /><testcase classname="tests.test_myndlens_phases.TestPhase4AgentBuilder" name="test_retire_agent" time="0.261" /><testcase classname="tests.test_myndlens_phases.TestPhase4AgentBuilder" name="test_unretire_agent" time="0.428" /><testcase classname="tests.test_myndlens_phases.TestPhase4AgentBuilder" name="test_delete_agent" time="0.475" /><testcase classname="tests.test_myndlens_phases.TestPhase4AgentBuilder" name="test_delete_agent_requires_admin" time="0.238" /><testcase classname="tests.test_myndlens_phases.TestPhase4AgentBuilder" name="test_list_agents" time="0.630" /><testcase classname="tests.test_myndlens_phases.TestPhase4AgentBuilder" name="test_list_agents_include_retired" time="0.511" /><testcase classname="tests.test_myndlens_phases.TestPhase4AgentBuilder" name="test_get_single_agent" time="0.337" /><testcase classname="tests.test_myndlens_phases.TestPhase4AgentBuilder" name="test_get_nonexistent_agent" time="0.159" /><testcase classname="tests.test_myndlens_phases.TestDigitalSelfIntegration" name="test_store_and_recall_fact" time="0.523" /><testcase classname="tests.test_myndlens_phases.TestDigitalSelfIntegration" name="test_register_entity" time="0.278" /></testsuite></testsuites>