<?xml version="1.0" encoding="utf-8"?><testsuites name="pytest tests"><testsuite name="pytest" errors="0" failures="0" skipped="0" tests="17" time="2.286" timestamp="2026-02-18T00:01:04.016513+00:00" hostname="agent-env-95fb65c2-5258-40e5-a0cc-99bdef5f0550"><testcase classname="tests.test_setup_wizard.TestRegisterEndpoint" name="test_register_success" time="0.375" /><testcase classname="tests.test_setup_wizard.TestRegisterEndpoint" name="test_register_duplicate_email_returns_409" time="0.069" /><testcase classname="tests.test_setup_wizard.TestCheckSlugEndpoint" name="test_check_slug_valid_unused_returns_available_true" time="0.062" /><testcase classname="tests.test_setup_wizard.TestCheckSlugEndpoint" name="test_check_slug_invalid_format_returns_available_false" time="0.071" /><testcase classname="tests.test_setup_wizard.TestCheckSlugEndpoint" name="test_check_slug_too_short_returns_available_false" time="0.066" /><testcase classname="tests.test_setup_wizard.TestCheckSlugEndpoint" name="test_check_slug_taken_returns_suggestions" time="0.139" /><testcase classname="tests.test_setup_wizard.TestCreateTenantEndpoint" name="test_create_tenant_success" time="0.083" /><testcase classname="tests.test_setup_wizard.TestPlansEndpoint" name="test_plans_returns_three_plans" time="0.066" /><testcase classname="tests.test_setup_wizard.TestCheckoutEndpoint" name="test_checkout_returns_url" time="0.074" /><testcase classname="tests.test_setup_wizard.TestActivateEndpoint" name="test_activate_sets_status_ready" time="0.143" /><testcase classname="tests.test_setup_wizard.TestTenantStatusEndpoint" name="test_tenant_status_pending_payment" time="0.119" /><testcase classname="tests.test_setup_wizard.TestTenantStatusEndpoint" name="test_tenant_status_ready_after_activate" time="0.244" /><testcase classname="tests.test_setup_wizard.TestTenantStatusEndpoint" name="test_tenant_status_not_found" time="0.062" /><testcase classname="tests.test_setup_wizard.TestGenerateCodeEndpoint" name="test_generate_code_returns_6_digit_code" time="0.101" /><testcase classname="tests.test_setup_wizard.TestPreferencesEndpoint" name="test_preferences_update_success" time="0.075" /><testcase classname="tests.test_setup_wizard.TestPreferencesEndpoint" name="test_preferences_update_partial" time="0.094" /><testcase classname="tests.test_setup_wizard.TestHealthEndpoint" name="test_health_check" time="0.351" /></testsuite></testsuites>