<?xml version="1.0" encoding="utf-8"?><testsuites name="pytest tests"><testsuite name="pytest" errors="0" failures="0" skipped="0" tests="20" time="4.172" timestamp="2026-02-15T21:53:11.150479+00:00" hostname="agent-env-95fb65c2-5258-40e5-a0cc-99bdef5f0550"><testcase classname="backend.tests.test_demo_unhinged.TestUnhingedApprovalGate" name="test_create_without_approved_returns_approval_required" time="0.263" /><testcase classname="backend.tests.test_demo_unhinged.TestUnhingedApprovalGate" name="test_create_without_demo_sender_returns_blocked" time="0.127" /><testcase classname="backend.tests.test_demo_unhinged.TestUnhingedApprovalGate" name="test_create_empty_demo_sender_returns_blocked" time="0.125" /><testcase classname="backend.tests.test_demo_unhinged.TestSandboxUnhingedProfile" name="test_create_sandbox_unhinged_agent" time="0.115" /><testcase classname="backend.tests.test_demo_unhinged.TestSandboxUnhingedProfile" name="test_sandbox_unhinged_has_correct_soil_files" time="0.130" /><testcase classname="backend.tests.test_demo_unhinged.TestSandboxUnhingedProfile" name="test_sandbox_unhinged_has_correct_tools_config" time="0.139" /><testcase classname="backend.tests.test_demo_unhinged.TestSandboxUnhingedProfile" name="test_sandbox_unhinged_has_correct_channel_config" time="0.126" /><testcase classname="backend.tests.test_demo_unhinged.TestSandboxUnhingedProfile" name="test_sandbox_unhinged_has_correct_bindings" time="0.167" /><testcase classname="backend.tests.test_demo_unhinged.TestHostUnhingedProfile" name="test_create_host_unhinged_agent" time="0.151" /><testcase classname="backend.tests.test_demo_unhinged.TestHostUnhingedProfile" name="test_host_unhinged_soil_mentions_host" time="0.109" /><testcase classname="backend.tests.test_demo_unhinged.TestDuplicateAgentCreation" name="test_duplicate_agent_creation_returns_exists" time="0.245" /><testcase classname="backend.tests.test_demo_unhinged.TestUnhingedTestSuite" name="test_get_test_suite_returns_8_tests" time="0.197" /><testcase classname="backend.tests.test_demo_unhinged.TestTeardownOptions" name="test_get_teardown_options" time="0.155" /><testcase classname="backend.tests.test_demo_unhinged.TestTeardownQuickMode" name="test_teardown_quick_disables_agent" time="0.387" /><testcase classname="backend.tests.test_demo_unhinged.TestTeardownFullMode" name="test_teardown_full_retires_agent" time="0.414" /><testcase classname="backend.tests.test_demo_unhinged.TestTeardownValidation" name="test_teardown_nonexistent_agent_returns_failure" time="0.114" /><testcase classname="backend.tests.test_demo_unhinged.TestTeardownValidation" name="test_teardown_non_unhinged_agent_returns_failure" time="0.309" /><testcase classname="backend.tests.test_demo_unhinged.TestApprovalPromptContent" name="test_approval_prompt_for_sandbox_mentions_docker" time="0.194" /><testcase classname="backend.tests.test_demo_unhinged.TestApprovalPromptContent" name="test_approval_prompt_for_host_warns_higher_risk" time="0.446" /><testcase classname="backend.tests.test_demo_unhinged.TestValidationIntegrity" name="test_created_agent_passes_validation" time="0.136" /></testsuite></testsuites>