<?xml version="1.0" encoding="utf-8"?><testsuites name="pytest tests"><testsuite name="pytest" errors="0" failures="0" skipped="0" tests="52" time="29.306" timestamp="2026-02-19T11:40:36.051129+00:00" hostname="agent-env-d8020f40-50d3-4b3e-9f66-c326047f22c7"><testcase classname="tests.test_vad_stt_tts.TestVADAlgorithm" name="test_v01_rms_silent_audio_near_zero" time="0.000" /><testcase classname="tests.test_vad_stt_tts.TestVADAlgorithm" name="test_v02_rms_loud_audio_above_threshold" time="0.000" /><testcase classname="tests.test_vad_stt_tts.TestVADAlgorithm" name="test_v03_rms_medium_audio" time="0.000" /><testcase classname="tests.test_vad_stt_tts.TestVADAlgorithm" name="test_v04_rms_empty_data_returns_zero" time="0.000" /><testcase classname="tests.test_vad_stt_tts.TestVADAlgorithm" name="test_v05_rms_proportional_to_amplitude" time="0.000" /><testcase classname="tests.test_vad_stt_tts.TestVADAlgorithm" name="test_v06_threshold_is_correct_value" time="0.000" /><testcase classname="tests.test_vad_stt_tts.TestVADAlgorithm" name="test_v07_speech_start_detection" time="0.000" /><testcase classname="tests.test_vad_stt_tts.TestVADAlgorithm" name="test_v08_speech_end_after_silence_duration" time="0.000" /><testcase classname="tests.test_vad_stt_tts.TestVADAlgorithm" name="test_v09_min_speech_duration_gate" time="0.000" /><testcase classname="tests.test_vad_stt_tts.TestVADAlgorithm" name="test_v10_vad_resets_correctly" time="0.000" /><testcase classname="tests.test_vad_stt_tts.TestVADAlgorithm" name="test_v11_rms_single_byte" time="0.000" /><testcase classname="tests.test_vad_stt_tts.TestVADAlgorithm" name="test_v12_rms_max_amplitude" time="0.000" /><testcase classname="tests.test_vad_stt_tts.TestVADAlgorithm" name="test_v13_energy_threshold_config_value" time="0.000" /><testcase classname="tests.test_vad_stt_tts.TestVADAlgorithm" name="test_v14_expo_av_metering_conversion" time="0.000" /><testcase classname="tests.test_vad_stt_tts.TestSTTAudioValidation" name="test_s01_valid_chunk_passes" time="0.060" /><testcase classname="tests.test_vad_stt_tts.TestSTTAudioValidation" name="test_s02_missing_audio_field" time="0.000" /><testcase classname="tests.test_vad_stt_tts.TestSTTAudioValidation" name="test_s03_invalid_base64" time="0.000" /><testcase classname="tests.test_vad_stt_tts.TestSTTAudioValidation" name="test_s04_empty_audio_bytes" time="0.000" /><testcase classname="tests.test_vad_stt_tts.TestSTTAudioValidation" name="test_s05_oversized_chunk" time="0.000" /><testcase classname="tests.test_vad_stt_tts.TestSTTAudioValidation" name="test_s06_negative_seq_rejected" time="0.000" /><testcase classname="tests.test_vad_stt_tts.TestSTTAudioValidation" name="test_s07_seq_zero_accepted" time="0.000" /><testcase classname="tests.test_vad_stt_tts.TestSTTMockProvider" name="test_s08_start_stream" time="0.000" /><testcase classname="tests.test_vad_stt_tts.TestSTTMockProvider" name="test_s09_feed_chunk_no_fragment_below_threshold" time="0.001" /><testcase classname="tests.test_vad_stt_tts.TestSTTMockProvider" name="test_s10_feed_4_chunks_returns_fragment" time="0.001" /><testcase classname="tests.test_vad_stt_tts.TestSTTMockProvider" name="test_s11_fragment_sequence_correct" time="0.001" /><testcase classname="tests.test_vad_stt_tts.TestSTTMockProvider" name="test_s12_end_stream_returns_final_transcript" time="0.001" /><testcase classname="tests.test_vad_stt_tts.TestSTTMockProvider" name="test_s13_end_stream_no_audio_returns_none" time="0.000" /><testcase classname="tests.test_vad_stt_tts.TestSTTMockProvider" name="test_s14_mock_is_healthy" time="0.000" /><testcase classname="tests.test_vad_stt_tts.TestSTTDeepgramProvider" name="test_s15_deepgram_initializes_with_key" time="0.103" /><testcase classname="tests.test_vad_stt_tts.TestSTTDeepgramProvider" name="test_s16_deepgram_health_depends_on_client" time="0.000" /><testcase classname="tests.test_vad_stt_tts.TestTTSMockProvider" name="test_t01_synthesize_returns_result" time="0.001" /><testcase classname="tests.test_vad_stt_tts.TestTTSMockProvider" name="test_t02_mock_returns_empty_audio_bytes" time="0.000" /><testcase classname="tests.test_vad_stt_tts.TestTTSMockProvider" name="test_t03_mock_preserves_input_text" time="0.000" /><testcase classname="tests.test_vad_stt_tts.TestTTSMockProvider" name="test_t04_mock_is_healthy" time="0.000" /><testcase classname="tests.test_vad_stt_tts.TestTTSMockProvider" name="test_t05_mock_handles_empty_string" time="0.000" /><testcase classname="tests.test_vad_stt_tts.TestTTSMockProvider" name="test_t06_mock_handles_long_text" time="0.000" /><testcase classname="tests.test_vad_stt_tts.TestTTSElevenLabsProvider" name="test_t07_elevenlabs_initializes" time="0.075" /><testcase classname="tests.test_vad_stt_tts.TestTTSElevenLabsProvider" name="test_t08_elevenlabs_health_check" time="0.019" /><testcase classname="tests.test_vad_stt_tts.TestTTSElevenLabsProvider" name="test_t09_elevenlabs_graceful_fallback_no_client" time="0.019" /><testcase classname="tests.test_vad_stt_tts.TestTTSElevenLabsProvider" name="test_t10_elevenlabs_synthesis_attempt" time="0.254" /><testcase classname="tests.test_vad_stt_tts.TestTTSElevenLabsProvider" name="test_t11_tts_orchestrator_provider_selection" time="0.019" /><testcase classname="tests.test_vad_stt_tts.TestTTSElevenLabsProvider" name="test_t12_stt_orchestrator_provider_selection" time="0.000" /><testcase classname="tests.test_vad_stt_tts.TestIntegrationPipeline" name="test_i01_text_input_full_pipeline" time="4.543" /><testcase classname="tests.test_vad_stt_tts.TestIntegrationPipeline" name="test_i02_tts_response_not_clarification" time="3.180" /><testcase classname="tests.test_vad_stt_tts.TestIntegrationPipeline" name="test_i03_pipeline_stage_events_emitted" time="2.572" /><testcase classname="tests.test_vad_stt_tts.TestIntegrationPipeline" name="test_i04_audio_chunks_produce_transcript" time="3.310" /><testcase classname="tests.test_vad_stt_tts.TestIntegrationPipeline" name="test_i05_invalid_audio_chunk_returns_error" time="0.371" /><testcase classname="tests.test_vad_stt_tts.TestIntegrationPipeline" name="test_i06_harmful_input_returns_guardrail_response" time="4.361" /><testcase classname="tests.test_vad_stt_tts.TestIntegrationPipeline" name="test_i07_multiple_mandates_sequential" time="7.985" /><testcase classname="tests.test_vad_stt_tts.TestIntegrationPipeline" name="test_i08_tts_text_non_empty" time="2.238" /><testcase classname="tests.test_vad_stt_tts.TestIntegrationPipeline" name="test_i09_stt_provider_log_in_health_endpoint" time="0.113" /><testcase classname="tests.test_vad_stt_tts.TestIntegrationPipeline" name="test_i10_pipeline_complete_log_markers" time="0.000" /></testsuite></testsuites>