<?xml version="1.0" encoding="utf-8"?><testsuites name="pytest tests"><testsuite name="pytest" errors="0" failures="1" skipped="0" tests="23" time="9.899" timestamp="2026-02-15T22:00:57.095896+00:00" hostname="agent-env-95fb65c2-5258-40e5-a0cc-99bdef5f0550"><testcase classname="tests.test_prompt_versioning_user_profiles.TestPromptVersioning" name="test_create_version_basic" time="0.209" /><testcase classname="tests.test_prompt_versioning_user_profiles.TestPromptVersioning" name="test_create_version_deactivates_previous" time="0.278" /><testcase classname="tests.test_prompt_versioning_user_profiles.TestPromptVersioning" name="test_list_versions_newest_first" time="0.374" /><testcase classname="tests.test_prompt_versioning_user_profiles.TestPromptVersioning" name="test_get_active_version" time="0.246" /><testcase classname="tests.test_prompt_versioning_user_profiles.TestPromptVersioning" name="test_get_active_version_no_versions" time="1.154" /><testcase classname="tests.test_prompt_versioning_user_profiles.TestPromptVersioning" name="test_get_specific_version" time="0.333" /><testcase classname="tests.test_prompt_versioning_user_profiles.TestPromptVersioning" name="test_get_nonexistent_version_returns_404" time="0.138" /><testcase classname="tests.test_prompt_versioning_user_profiles.TestPromptVersioning" name="test_rollback_creates_new_version" time="0.335" /><testcase classname="tests.test_prompt_versioning_user_profiles.TestPromptVersioning" name="test_rollback_preserves_version_numbering" time="0.510" /><testcase classname="tests.test_prompt_versioning_user_profiles.TestPromptVersioning" name="test_rollback_nonexistent_version_returns_failure" time="0.418" /><testcase classname="tests.test_prompt_versioning_user_profiles.TestPromptVersioning" name="test_compare_versions_shows_diff" time="0.394" /><testcase classname="tests.test_prompt_versioning_user_profiles.TestPromptVersioning" name="test_compare_identical_versions" time="0.303" /><testcase classname="tests.test_prompt_versioning_user_profiles.TestUserProfiles" name="test_get_default_profile_for_new_user" time="0.132" /><testcase classname="tests.test_prompt_versioning_user_profiles.TestUserProfiles" name="test_update_user_profile" time="0.159"><failure message="KeyError: 'token_budget_modifier'">tests/test_prompt_versioning_user_profiles.py:405: in test_update_user_profile
    assert updated_profile["token_budget_modifier"] == 1.0
           ^^^^^^^^^^^^^^^^^^^^^^^^^^^^^^^^^^^^^^^^
E   KeyError: 'token_budget_modifier'</failure></testcase><testcase classname="tests.test_prompt_versioning_user_profiles.TestUserProfiles" name="test_update_user_profile_upserts" time="0.200" /><testcase classname="tests.test_prompt_versioning_user_profiles.TestUserProfiles" name="test_learn_from_outcomes_no_data" time="0.148" /><testcase classname="tests.test_prompt_versioning_user_profiles.TestUserProfiles" name="test_learn_from_outcomes_adjusts_verbosity_for_high_corrections" time="1.156" /><testcase classname="tests.test_prompt_versioning_user_profiles.TestUserProfiles" name="test_learn_from_outcomes_adjusts_token_budget_for_low_accuracy" time="1.288" /><testcase classname="tests.test_prompt_versioning_user_profiles.TestUserProfiles" name="test_learn_from_outcomes_identifies_preferred_sections" time="1.210" /><testcase classname="tests.test_prompt_versioning_user_profiles.TestUserProfiles" name="test_get_prompt_adjustments" time="0.209" /><testcase classname="tests.test_prompt_versioning_user_profiles.TestUserProfiles" name="test_get_prompt_adjustments_default_for_new_user" time="0.220" /><testcase classname="tests.test_prompt_versioning_user_profiles.TestVersioningEdgeCases" name="test_compare_nonexistent_versions" time="0.146" /><testcase classname="tests.test_prompt_versioning_user_profiles.TestVersioningEdgeCases" name="test_version_stable_hash_consistency" time="0.199" /></testsuite></testsuites>