<?xml version="1.0" encoding="utf-8"?><testsuites name="pytest tests"><testsuite name="pytest" errors="0" failures="0" skipped="0" tests="23" time="9.871" timestamp="2026-02-15T22:02:06.288207+00:00" hostname="agent-env-95fb65c2-5258-40e5-a0cc-99bdef5f0550"><testcase classname="tests.test_prompt_versioning_user_profiles.TestPromptVersioning" name="test_create_version_basic" time="0.220" /><testcase classname="tests.test_prompt_versioning_user_profiles.TestPromptVersioning" name="test_create_version_deactivates_previous" time="0.670" /><testcase classname="tests.test_prompt_versioning_user_profiles.TestPromptVersioning" name="test_list_versions_newest_first" time="0.375" /><testcase classname="tests.test_prompt_versioning_user_profiles.TestPromptVersioning" name="test_get_active_version" time="0.328" /><testcase classname="tests.test_prompt_versioning_user_profiles.TestPromptVersioning" name="test_get_active_version_no_versions" time="0.284" /><testcase classname="tests.test_prompt_versioning_user_profiles.TestPromptVersioning" name="test_get_specific_version" time="0.199" /><testcase classname="tests.test_prompt_versioning_user_profiles.TestPromptVersioning" name="test_get_nonexistent_version_returns_404" time="0.208" /><testcase classname="tests.test_prompt_versioning_user_profiles.TestPromptVersioning" name="test_rollback_creates_new_version" time="0.265" /><testcase classname="tests.test_prompt_versioning_user_profiles.TestPromptVersioning" name="test_rollback_preserves_version_numbering" time="0.563" /><testcase classname="tests.test_prompt_versioning_user_profiles.TestPromptVersioning" name="test_rollback_nonexistent_version_returns_failure" time="0.109" /><testcase classname="tests.test_prompt_versioning_user_profiles.TestPromptVersioning" name="test_compare_versions_shows_diff" time="1.106" /><testcase classname="tests.test_prompt_versioning_user_profiles.TestPromptVersioning" name="test_compare_identical_versions" time="0.277" /><testcase classname="tests.test_prompt_versioning_user_profiles.TestUserProfiles" name="test_get_default_profile_for_new_user" time="0.160" /><testcase classname="tests.test_prompt_versioning_user_profiles.TestUserProfiles" name="test_update_user_profile" time="0.186" /><testcase classname="tests.test_prompt_versioning_user_profiles.TestUserProfiles" name="test_update_user_profile_upserts" time="0.209" /><testcase classname="tests.test_prompt_versioning_user_profiles.TestUserProfiles" name="test_learn_from_outcomes_no_data" time="0.125" /><testcase classname="tests.test_prompt_versioning_user_profiles.TestUserProfiles" name="test_learn_from_outcomes_adjusts_verbosity_for_high_corrections" time="1.149" /><testcase classname="tests.test_prompt_versioning_user_profiles.TestUserProfiles" name="test_learn_from_outcomes_adjusts_token_budget_for_low_accuracy" time="1.541" /><testcase classname="tests.test_prompt_versioning_user_profiles.TestUserProfiles" name="test_learn_from_outcomes_identifies_preferred_sections" time="1.081" /><testcase classname="tests.test_prompt_versioning_user_profiles.TestUserProfiles" name="test_get_prompt_adjustments" time="0.193" /><testcase classname="tests.test_prompt_versioning_user_profiles.TestUserProfiles" name="test_get_prompt_adjustments_default_for_new_user" time="0.172" /><testcase classname="tests.test_prompt_versioning_user_profiles.TestVersioningEdgeCases" name="test_compare_nonexistent_versions" time="0.112" /><testcase classname="tests.test_prompt_versioning_user_profiles.TestVersioningEdgeCases" name="test_version_stable_hash_consistency" time="0.222" /></testsuite></testsuites>