<?xml version="1.0" encoding="utf-8"?><testsuites name="pytest tests"><testsuite name="pytest" errors="0" failures="0" skipped="0" tests="52" time="0.145" timestamp="2026-03-01T15:22:26.956911+00:00" hostname="agent-env-2a29531f-655a-4b8d-90fa-a4a5fc848688"><testcase classname="backend.tests.test_voice_pipeline_hold.TestRouterHoldCommand" name="test_myndlens_hold_triggers_hold" time="0.002" /><testcase classname="backend.tests.test_voice_pipeline_hold.TestRouterHoldCommand" name="test_mind_lens_hold_triggers_hold" time="0.001" /><testcase classname="backend.tests.test_voice_pipeline_hold.TestRouterHoldCommand" name="test_mindlens_wait_triggers_hold" time="0.000" /><testcase classname="backend.tests.test_voice_pipeline_hold.TestRouterHoldCommand" name="test_myndlens_pause_triggers_hold" time="0.000" /><testcase classname="backend.tests.test_voice_pipeline_hold.TestRouterHoldCommand" name="test_mynd_lens_hold_triggers_hold" time="0.000" /><testcase classname="backend.tests.test_voice_pipeline_hold.TestRouterHoldCommand" name="test_mind_lens_wait_triggers_hold" time="0.000" /><testcase classname="backend.tests.test_voice_pipeline_hold.TestRouterHoldCommand" name="test_mindlens_pause_triggers_hold" time="0.000" /><testcase classname="backend.tests.test_voice_pipeline_hold.TestRouterBareHoldNotCommand" name="test_bare_hold_not_command" time="0.000" /><testcase classname="backend.tests.test_voice_pipeline_hold.TestRouterBareHoldNotCommand" name="test_bare_wait_not_command" time="0.000" /><testcase classname="backend.tests.test_voice_pipeline_hold.TestRouterBareHoldNotCommand" name="test_bare_pause_not_command" time="0.000" /><testcase classname="backend.tests.test_voice_pipeline_hold.TestRouterBareHoldNotCommand" name="test_hold_on_not_command" time="0.000" /><testcase classname="backend.tests.test_voice_pipeline_hold.TestRouterBareHoldNotCommand" name="test_wait_for_intent_fragment" time="0.000" /><testcase classname="backend.tests.test_voice_pipeline_hold.TestRouterBareHoldNotCommand" name="test_hold_my_beer_intent_fragment" time="0.000" /><testcase classname="backend.tests.test_voice_pipeline_hold.TestRouterCancelKillCommands" name="test_cancel_command" time="0.000" /><testcase classname="backend.tests.test_voice_pipeline_hold.TestRouterCancelKillCommands" name="test_stop_command" time="0.001" /><testcase classname="backend.tests.test_voice_pipeline_hold.TestRouterCancelKillCommands" name="test_kill_command" time="0.000" /><testcase classname="backend.tests.test_voice_pipeline_hold.TestRouterCancelKillCommands" name="test_abort_command" time="0.000" /><testcase classname="backend.tests.test_voice_pipeline_hold.TestRouterCancelKillCommands" name="test_forget_it_command" time="0.000" /><testcase classname="backend.tests.test_voice_pipeline_hold.TestRouterCancelKillCommands" name="test_never_mind_command" time="0.000" /><testcase classname="backend.tests.test_voice_pipeline_hold.TestRouterNoiseDetection" name="test_um_is_noise" time="0.000" /><testcase classname="backend.tests.test_voice_pipeline_hold.TestRouterNoiseDetection" name="test_uh_is_noise" time="0.000" /><testcase classname="backend.tests.test_voice_pipeline_hold.TestRouterNoiseDetection" name="test_hmm_is_noise" time="0.000" /><testcase classname="backend.tests.test_voice_pipeline_hold.TestRouterNoiseDetection" name="test_ah_is_noise" time="0.000" /><testcase classname="backend.tests.test_voice_pipeline_hold.TestRouterNoiseDetection" name="test_ok_is_noise" time="0.000" /><testcase classname="backend.tests.test_voice_pipeline_hold.TestRouterNoiseDetection" name="test_two_word_noise" time="0.000" /><testcase classname="backend.tests.test_voice_pipeline_hold.TestRouterNoiseDetection" name="test_empty_is_noise" time="0.000" /><testcase classname="backend.tests.test_voice_pipeline_hold.TestRouterNoiseDetection" name="test_whitespace_is_noise" time="0.000" /><testcase classname="backend.tests.test_voice_pipeline_hold.TestRouterInterruptionPatterns" name="test_excuse_me_interruption" time="0.000" /><testcase classname="backend.tests.test_voice_pipeline_hold.TestRouterInterruptionPatterns" name="test_sorry_interruption" time="0.000" /><testcase classname="backend.tests.test_voice_pipeline_hold.TestRouterInterruptionPatterns" name="test_wait_wait_interruption" time="0.000" /><testcase classname="backend.tests.test_voice_pipeline_hold.TestRouterIntentFragment" name="test_book_flight_is_intent" time="0.000" /><testcase classname="backend.tests.test_voice_pipeline_hold.TestRouterIntentFragment" name="test_send_email_is_intent" time="0.000" /><testcase classname="backend.tests.test_voice_pipeline_hold.TestTTSAudioPayloadSkipChat" name="test_tts_payload_has_skip_chat_field" time="0.049" /><testcase classname="backend.tests.test_voice_pipeline_hold.TestTTSAudioPayloadSkipChat" name="test_tts_payload_skip_chat_default_false" time="0.000" /><testcase classname="backend.tests.test_voice_pipeline_hold.TestTTSAudioPayloadSkipChat" name="test_tts_payload_skip_chat_can_be_true" time="0.000" /><testcase classname="backend.tests.test_voice_pipeline_hold.TestTTSAudioPayloadSkipChat" name="test_tts_payload_serialization_includes_skip_chat" time="0.000" /><testcase classname="backend.tests.test_voice_pipeline_hold.TestWSServerHeldStatus" name="test_process_fragment_sends_held_status_code_check" time="0.000" /><testcase classname="backend.tests.test_voice_pipeline_hold.TestWSServerHeldStatus" name="test_process_fragment_has_intent_ready_logic" time="0.001" /><testcase classname="backend.tests.test_voice_pipeline_hold.TestWSServerHeldStatus" name="test_process_fragment_tts_uses_skip_chat" time="0.001" /><testcase classname="backend.tests.test_voice_pipeline_hold.TestStateMachineHoldingState" name="test_holding_state_exists_in_audio_state_type" time="0.000" /><testcase classname="backend.tests.test_voice_pipeline_hold.TestStateMachineHoldingState" name="test_holding_state_has_valid_transitions" time="0.000" /><testcase classname="backend.tests.test_voice_pipeline_hold.TestStateMachineHoldingState" name="test_capturing_can_transition_to_holding" time="0.000" /><testcase classname="backend.tests.test_voice_pipeline_hold.TestStateMachineHoldingState" name="test_accumulating_can_transition_to_holding" time="0.000" /><testcase classname="backend.tests.test_voice_pipeline_hold.TestRouterCommandsDict" name="test_commands_dict_has_myndlens_hold_variants" time="0.000" /><testcase classname="backend.tests.test_voice_pipeline_hold.TestRouterCommandsDict" name="test_commands_dict_no_bare_hold" time="0.000" /><testcase classname="backend.tests.test_voice_pipeline_hold.TestRouteFragmentIntegration" name="test_case_insensitivity" time="0.001" /><testcase classname="backend.tests.test_voice_pipeline_hold.TestRouteFragmentIntegration" name="test_hold_with_trailing_text" time="0.000" /><testcase classname="backend.tests.test_voice_pipeline_hold.TestRouteFragmentIntegration" name="test_route_decision_fields" time="0.000" /><testcase classname="backend.tests.test_voice_pipeline_hold.TestRouterFalsePositivePrevention" name="test_please_hold_not_command" time="0.000" /><testcase classname="backend.tests.test_voice_pipeline_hold.TestRouterFalsePositivePrevention" name="test_wait_a_minute_not_command" time="0.000" /><testcase classname="backend.tests.test_voice_pipeline_hold.TestRouterFalsePositivePrevention" name="test_hold_the_door_not_command" time="0.000" /><testcase classname="backend.tests.test_voice_pipeline_hold.TestRouterFalsePositivePrevention" name="test_pause_the_video_not_command" time="0.001" /></testsuite></testsuites>